# JRE version: OpenJDK Runtime Environment (8.0_152-b01) (build 1.8.0_152-release-1343-b01)
# Java VM: OpenJDK 64-Bit Server VM (25.152-b01 mixed mode windows-amd64 compressed oops)
Heap:
 PSYoungGen      total 199680K, used 43916K [0x00000000e0000000, 0x00000000edb00000, 0x0000000100000000)
  eden space 184832K, 15% used [0x00000000e0000000,0x00000000e1c66260,0x00000000eb480000)
  from space 14848K, 99% used [0x00000000eb480000,0x00000000ec2fcfd8,0x00000000ec300000)
  to   space 14336K, 0% used [0x00000000ec300000,0x00000000ec300000,0x00000000ed100000)
 ParOldGen       total 129536K, used 34534K [0x00000000a0000000, 0x00000000a7e80000, 0x00000000e0000000)
  object space 129536K, 26% used [0x00000000a0000000,0x00000000a21b9ae8,0x00000000a7e80000)
 Metaspace       used 63217K, capacity 65350K, committed 65560K, reserved 1105920K
  class space    used 8484K, capacity 8924K, committed 9000K, reserved 1048576K
GC Heap History (10 events):
Event: 8.445 GC heap before
{Heap before GC invocations=12 (full 2):
 PSYoungGen      total 123904K, used 113152K [0x00000000e0000000, 0x00000000eb380000, 0x0000000100000000)
  eden space 113152K, 100% used [0x00000000e0000000,0x00000000e6e80000,0x00000000e6e80000)
  from space 10752K, 0% used [0x00000000e6e80000,0x00000000e6e80000,0x00000000e7900000)
  to   space 11776K, 0% used [0x00000000ea800000,0x00000000ea800000,0x00000000eb380000)
 ParOldGen       total 85504K, used 17034K [0x00000000a0000000, 0x00000000a5380000, 0x00000000e0000000)
  object space 85504K, 19% used [0x00000000a0000000,0x00000000a10a2a98,0x00000000a5380000)
 Metaspace       used 45279K, capacity 46218K, committed 46376K, reserved 1089536K
  class space    used 6109K, capacity 6390K, committed 6440K, reserved 1048576K
Event: 8.460 GC heap after
Heap after GC invocations=12 (full 2):
 PSYoungGen      total 158208K, used 11772K [0x00000000e0000000, 0x00000000eb380000, 0x0000000100000000)
  eden space 146432K, 0% used [0x00000000e0000000,0x00000000e0000000,0x00000000e8f00000)
  from space 11776K, 99% used [0x00000000ea800000,0x00000000eb37f2c0,0x00000000eb380000)
  to   space 14336K, 0% used [0x00000000e9780000,0x00000000e9780000,0x00000000ea580000)
 ParOldGen       total 85504K, used 20175K [0x00000000a0000000, 0x00000000a5380000, 0x00000000e0000000)
  object space 85504K, 23% used [0x00000000a0000000,0x00000000a13b3e18,0x00000000a5380000)
 Metaspace       used 45279K, capacity 46218K, committed 46376K, reserved 1089536K
  class space    used 6109K, capacity 6390K, committed 6440K, reserved 1048576K
}
Event: 10.502 GC heap before
{Heap before GC invocations=13 (full 2):
 PSYoungGen      total 158208K, used 158204K [0x00000000e0000000, 0x00000000eb380000, 0x0000000100000000)
  eden space 146432K, 100% used [0x00000000e0000000,0x00000000e8f00000,0x00000000e8f00000)
  from space 11776K, 99% used [0x00000000ea800000,0x00000000eb37f2c0,0x00000000eb380000)
  to   space 14336K, 0% used [0x00000000e9780000,0x00000000e9780000,0x00000000ea580000)
 ParOldGen       total 85504K, used 20175K [0x00000000a0000000, 0x00000000a5380000, 0x00000000e0000000)
  object space 85504K, 23% used [0x00000000a0000000,0x00000000a13b3e18,0x00000000a5380000)
 Metaspace       used 51197K, capacity 52248K, committed 52520K, reserved 1095680K
  class space    used 6831K, capacity 7131K, committed 7208K, reserved 1048576K
Event: 10.511 GC heap after
Heap after GC invocations=13 (full 2):
 PSYoungGen      total 169472K, used 5337K [0x00000000e0000000, 0x00000000ed100000, 0x0000000100000000)
  eden space 155136K, 0% used [0x00000000e0000000,0x00000000e0000000,0x00000000e9780000)
  from space 14336K, 37% used [0x00000000e9780000,0x00000000e9cb64c8,0x00000000ea580000)
  to   space 14336K, 0% used [0x00000000ec300000,0x00000000ec300000,0x00000000ed100000)
 ParOldGen       total 85504K, used 27513K [0x00000000a0000000, 0x00000000a5380000, 0x00000000e0000000)
  object space 85504K, 32% used [0x00000000a0000000,0x00000000a1ade6b0,0x00000000a5380000)
 Metaspace       used 51197K, capacity 52248K, committed 52520K, reserved 1095680K
  class space    used 6831K, capacity 7131K, committed 7208K, reserved 1048576K
}
Event: 11.772 GC heap before
{Heap before GC invocations=14 (full 2):
 PSYoungGen      total 169472K, used 106151K [0x00000000e0000000, 0x00000000ed100000, 0x0000000100000000)
  eden space 155136K, 64% used [0x00000000e0000000,0x00000000e62738a8,0x00000000e9780000)
  from space 14336K, 37% used [0x00000000e9780000,0x00000000e9cb64c8,0x00000000ea580000)
  to   space 14336K, 0% used [0x00000000ec300000,0x00000000ec300000,0x00000000ed100000)
 ParOldGen       total 85504K, used 27513K [0x00000000a0000000, 0x00000000a5380000, 0x00000000e0000000)
  object space 85504K, 32% used [0x00000000a0000000,0x00000000a1ade6b0,0x00000000a5380000)
 Metaspace       used 57518K, capacity 59060K, committed 59160K, reserved 1099776K
  class space    used 7763K, capacity 8155K, committed 8232K, reserved 1048576K
Event: 11.784 GC heap after
Heap after GC invocations=14 (full 2):
 PSYoungGen      total 199168K, used 10853K [0x00000000e0000000, 0x00000000edb00000, 0x0000000100000000)
  eden space 184832K, 0% used [0x00000000e0000000,0x00000000e0000000,0x00000000eb480000)
  from space 14336K, 75% used [0x00000000ec300000,0x00000000ecd997d0,0x00000000ed100000)
  to   space 14848K, 0% used [0x00000000eb480000,0x00000000eb480000,0x00000000ec300000)
 ParOldGen       total 85504K, used 27521K [0x00000000a0000000, 0x00000000a5380000, 0x00000000e0000000)
  object space 85504K, 32% used [0x00000000a0000000,0x00000000a1ae06b0,0x00000000a5380000)
 Metaspace       used 57518K, capacity 59060K, committed 59160K, reserved 1099776K
  class space    used 7763K, capacity 8155K, committed 8232K, reserved 1048576K
}
Event: 11.784 GC heap before
{Heap before GC invocations=15 (full 3):
 PSYoungGen      total 199168K, used 10853K [0x00000000e0000000, 0x00000000edb00000, 0x0000000100000000)
  eden space 184832K, 0% used [0x00000000e0000000,0x00000000e0000000,0x00000000eb480000)
  from space 14336K, 75% used [0x00000000ec300000,0x00000000ecd997d0,0x00000000ed100000)
  to   space 14848K, 0% used [0x00000000eb480000,0x00000000eb480000,0x00000000ec300000)
 ParOldGen       total 85504K, used 27521K [0x00000000a0000000, 0x00000000a5380000, 0x00000000e0000000)
  object space 85504K, 32% used [0x00000000a0000000,0x00000000a1ae06b0,0x00000000a5380000)
 Metaspace       used 57518K, capacity 59060K, committed 59160K, reserved 1099776K
  class space    used 7763K, capacity 8155K, committed 8232K, reserved 1048576K
Event: 11.997 GC heap after
Heap after GC invocations=15 (full 3):
 PSYoungGen      total 199168K, used 0K [0x00000000e0000000, 0x00000000edb00000, 0x0000000100000000)
  eden space 184832K, 0% used [0x00000000e0000000,0x00000000e0000000,0x00000000eb480000)
  from space 14336K, 0% used [0x00000000ec300000,0x00000000ec300000,0x00000000ed100000)
  to   space 14848K, 0% used [0x00000000eb480000,0x00000000eb480000,0x00000000ec300000)
 ParOldGen       total 129536K, used 32452K [0x00000000a0000000, 0x00000000a7e80000, 0x00000000e0000000)
  object space 129536K, 25% used [0x00000000a0000000,0x00000000a1fb1178,0x00000000a7e80000)
 Metaspace       used 57518K, capacity 59060K, committed 59160K, reserved 1099776K
  class space    used 7763K, capacity 8155K, committed 8232K, reserved 1048576K
}
Event: 14.325 GC heap before
{Heap before GC invocations=16 (full 3):
 PSYoungGen      total 199168K, used 184832K [0x00000000e0000000, 0x00000000edb00000, 0x0000000100000000)
  eden space 184832K, 100% used [0x00000000e0000000,0x00000000eb480000,0x00000000eb480000)
  from space 14336K, 0% used [0x00000000ec300000,0x00000000ec300000,0x00000000ed100000)
  to   space 14848K, 0% used [0x00000000eb480000,0x00000000eb480000,0x00000000ec300000)
 ParOldGen       total 129536K, used 32452K [0x00000000a0000000, 0x00000000a7e80000, 0x00000000e0000000)
  object space 129536K, 25% used [0x00000000a0000000,0x00000000a1fb1178,0x00000000a7e80000)
 Metaspace       used 62770K, capacity 64902K, committed 65048K, reserved 1105920K
  class space    used 8453K, capacity 8924K, committed 9000K, reserved 1048576K
Event: 14.342 GC heap after
Heap after GC invocations=16 (full 3):
 PSYoungGen      total 199680K, used 14835K [0x00000000e0000000, 0x00000000edb00000, 0x0000000100000000)
  eden space 184832K, 0% used [0x00000000e0000000,0x00000000e0000000,0x00000000eb480000)
  from space 14848K, 99% used [0x00000000eb480000,0x00000000ec2fcfd8,0x00000000ec300000)
  to   space 14336K, 0% used [0x00000000ec300000,0x00000000ec300000,0x00000000ed100000)
 ParOldGen       total 129536K, used 34534K [0x00000000a0000000, 0x00000000a7e80000, 0x00000000e0000000)
  object space 129536K, 26% used [0x00000000a0000000,0x00000000a21b9ae8,0x00000000a7e80000)
 Metaspace       used 62770K, capacity 64902K, committed 65048K, reserved 1105920K
  class space    used 8453K, capacity 8924K, committed 9000K, reserved 1048576K
}

